# JRE version: Java(TM) SE Runtime Environment (8.0_291-b10) (build 1.8.0_291-b10)
# Java VM: Java HotSpot(TM) Client VM (25.291-b10 mixed mode, sharing windows-x86 )
Heap:
 def new generation   total 4928K, used 750K [0x04800000, 0x04d50000, 0x09d50000)
  eden space 4416K,  13% used [0x04800000, 0x04892970, 0x04c50000)
  from space 512K,  32% used [0x04cd0000, 0x04cf9148, 0x04d50000)
  to   space 512K,   0% used [0x04c50000, 0x04c50000, 0x04cd0000)
 tenured generation   total 10944K, used 6988K [0x09d50000, 0x0a800000, 0x14800000)
   the space 10944K,  63% used [0x09d50000, 0x0a423010, 0x0a423200, 0x0a800000)
 Metaspace       used 838K, capacity 2662K, committed 2752K, reserved 4480K
GC Heap History (6 events):
Event: 0.315 GC heap before
{Heap before GC invocations=0 (full 0):
 def new generation   total 4928K, used 3834K [0x04800000, 0x04d50000, 0x09d50000)
  eden space 4416K,  86% used [0x04800000, 0x04bbeb40, 0x04c50000)
  from space 512K,   0% used [0x04c50000, 0x04c50000, 0x04cd0000)
  to   space 512K,   0% used [0x04cd0000, 0x04cd0000, 0x04d50000)
 tenured generation   total 10944K, used 0K [0x09d50000, 0x0a800000, 0x14800000)
   the space 10944K,   0% used [0x09d50000, 0x09d50000, 0x09d50200, 0x0a800000)
 Metaspace       used 448K, capacity 2571K, committed 2624K, reserved 4480K
Event: 0.321 GC heap after
Heap after GC invocations=1 (full 0):
 def new generation   total 4928K, used 512K [0x04800000, 0x04d50000, 0x09d50000)
  eden space 4416K,   0% used [0x04800000, 0x04800000, 0x04c50000)
  from space 512K, 100% used [0x04cd0000, 0x04d50000, 0x04d50000)
  to   space 512K,   0% used [0x04c50000, 0x04c50000, 0x04cd0000)
 tenured generation   total 10944K, used 825K [0x09d50000, 0x0a800000, 0x14800000)
   the space 10944K,   7% used [0x09d50000, 0x09e1e5c0, 0x09e1e600, 0x0a800000)
 Metaspace       used 448K, capacity 2571K, committed 2624K, reserved 4480K
}
Event: 20.751 GC heap before
{Heap before GC invocations=1 (full 0):
 def new generation   total 4928K, used 4831K [0x04800000, 0x04d50000, 0x09d50000)
  eden space 4416K,  97% used [0x04800000, 0x04c37ea8, 0x04c50000)
  from space 512K, 100% used [0x04cd0000, 0x04d50000, 0x04d50000)
  to   space 512K,   0% used [0x04c50000, 0x04c50000, 0x04cd0000)
 tenured generation   total 10944K, used 825K [0x09d50000, 0x0a800000, 0x14800000)
   the space 10944K,   7% used [0x09d50000, 0x09e1e5c0, 0x09e1e600, 0x0a800000)
 Metaspace       used 827K, capacity 2662K, committed 2752K, reserved 4480K
Event: 20.757 GC heap after
Heap after GC invocations=2 (full 0):
 def new generation   total 4928K, used 221K [0x04800000, 0x04d50000, 0x09d50000)
  eden space 4416K,   0% used [0x04800000, 0x04800000, 0x04c50000)
  from space 512K,  43% used [0x04c50000, 0x04c874c8, 0x04cd0000)
  to   space 512K,   0% used [0x04cd0000, 0x04cd0000, 0x04d50000)
 tenured generation   total 10944K, used 3237K [0x09d50000, 0x0a800000, 0x14800000)
   the space 10944K,  29% used [0x09d50000, 0x0a079580, 0x0a079600, 0x0a800000)
 Metaspace       used 827K, capacity 2662K, committed 2752K, reserved 4480K
}
Event: 27.429 GC heap before
{Heap before GC invocations=2 (full 0):
 def new generation   total 4928K, used 4637K [0x04800000, 0x04d50000, 0x09d50000)
  eden space 4416K, 100% used [0x04800000, 0x04c50000, 0x04c50000)
  from space 512K,  43% used [0x04c50000, 0x04c874c8, 0x04cd0000)
  to   space 512K,   0% used [0x04cd0000, 0x04cd0000, 0x04d50000)
 tenured generation   total 10944K, used 3237K [0x09d50000, 0x0a800000, 0x14800000)
   the space 10944K,  29% used [0x09d50000, 0x0a079580, 0x0a079600, 0x0a800000)
 Metaspace       used 828K, capacity 2662K, committed 2752K, reserved 4480K
Event: 27.435 GC heap after
Heap after GC invocations=3 (full 0):
 def new generation   total 4928K, used 164K [0x04800000, 0x04d50000, 0x09d50000)
  eden space 4416K,   0% used [0x04800000, 0x04800000, 0x04c50000)
  from space 512K,  32% used [0x04cd0000, 0x04cf9148, 0x04d50000)
  to   space 512K,   0% used [0x04c50000, 0x04c50000, 0x04cd0000)
 tenured generation   total 10944K, used 6988K [0x09d50000, 0x0a800000, 0x14800000)
   the space 10944K,  63% used [0x09d50000, 0x0a423010, 0x0a423200, 0x0a800000)
 Metaspace       used 828K, capacity 2662K, committed 2752K, reserved 4480K
}

