# JRE version: Java(TM) SE Runtime Environment (8.0_291-b10) (build 1.8.0_291-b10)
# Java VM: Java HotSpot(TM) Client VM (25.291-b10 mixed mode, sharing windows-x86 )
Heap:
 def new generation   total 4928K, used 2312K [0x04400000, 0x04950000, 0x09950000)
  eden space 4416K,  41% used [0x04400000, 0x045c5e78, 0x04850000)
  from space 512K,  97% used [0x04850000, 0x048cc3d8, 0x048d0000)
  to   space 512K,   0% used [0x048d0000, 0x048d0000, 0x04950000)
 tenured generation   total 10944K, used 3227K [0x09950000, 0x0a400000, 0x14400000)
   the space 10944K,  29% used [0x09950000, 0x09c76ce0, 0x09c76e00, 0x0a400000)
 Metaspace       used 972K, capacity 2662K, committed 2752K, reserved 4480K
GC Heap History (4 events):
Event: 0.760 GC heap before
{Heap before GC invocations=0 (full 0):
 def new generation   total 4928K, used 3761K [0x04400000, 0x04950000, 0x09950000)
  eden space 4416K,  85% used [0x04400000, 0x047ac628, 0x04850000)
  from space 512K,   0% used [0x04850000, 0x04850000, 0x048d0000)
  to   space 512K,   0% used [0x048d0000, 0x048d0000, 0x04950000)
 tenured generation   total 10944K, used 0K [0x09950000, 0x0a400000, 0x14400000)
   the space 10944K,   0% used [0x09950000, 0x09950000, 0x09950200, 0x0a400000)
 Metaspace       used 442K, capacity 2565K, committed 2624K, reserved 4480K
Event: 0.766 GC heap after
Heap after GC invocations=1 (full 0):
 def new generation   total 4928K, used 512K [0x04400000, 0x04950000, 0x09950000)
  eden space 4416K,   0% used [0x04400000, 0x04400000, 0x04850000)
  from space 512K, 100% used [0x048d0000, 0x04950000, 0x04950000)
  to   space 512K,   0% used [0x04850000, 0x04850000, 0x048d0000)
 tenured generation   total 10944K, used 818K [0x09950000, 0x0a400000, 0x14400000)
   the space 10944K,   7% used [0x09950000, 0x09a1c938, 0x09a1ca00, 0x0a400000)
 Metaspace       used 442K, capacity 2565K, committed 2624K, reserved 4480K
}
Event: 16.496 GC heap before
{Heap before GC invocations=1 (full 0):
 def new generation   total 4928K, used 4928K [0x04400000, 0x04950000, 0x09950000)
  eden space 4416K, 100% used [0x04400000, 0x04850000, 0x04850000)
  from space 512K, 100% used [0x048d0000, 0x04950000, 0x04950000)
  to   space 512K,   0% used [0x04850000, 0x04850000, 0x048d0000)
 tenured generation   total 10944K, used 818K [0x09950000, 0x0a400000, 0x14400000)
   the space 10944K,   7% used [0x09950000, 0x09a1c938, 0x09a1ca00, 0x0a400000)
 Metaspace       used 955K, capacity 2662K, committed 2752K, reserved 4480K
Event: 16.502 GC heap after
Heap after GC invocations=2 (full 0):
 def new generation   total 4928K, used 496K [0x04400000, 0x04950000, 0x09950000)
  eden space 4416K,   0% used [0x04400000, 0x04400000, 0x04850000)
  from space 512K,  97% used [0x04850000, 0x048cc3d8, 0x048d0000)
  to   space 512K,   0% used [0x048d0000, 0x048d0000, 0x04950000)
 tenured generation   total 10944K, used 3227K [0x09950000, 0x0a400000, 0x14400000)
   the space 10944K,  29% used [0x09950000, 0x09c76ce0, 0x09c76e00, 0x0a400000)
 Metaspace       used 955K, capacity 2662K, committed 2752K, reserved 4480K
}

