# JRE version: Java(TM) SE Runtime Environment (8.0_291-b10) (build 1.8.0_291-b10)
# Java VM: Java HotSpot(TM) Client VM (25.291-b10 mixed mode, sharing windows-x86 )
Heap:
 def new generation   total 4928K, used 4377K [0x04800000, 0x04d50000, 0x09d50000)
  eden space 4416K,  97% used [0x04800000, 0x04c33db0, 0x04c50000)
  from space 512K,  14% used [0x04cd0000, 0x04ce27a8, 0x04d50000)
  to   space 512K,   0% used [0x04c50000, 0x04c50000, 0x04cd0000)
 tenured generation   total 10944K, used 7050K [0x09d50000, 0x0a800000, 0x14800000)
   the space 10944K,  64% used [0x09d50000, 0x0a432bb0, 0x0a432c00, 0x0a800000)
 Metaspace       used 875K, capacity 2662K, committed 2752K, reserved 4480K
GC Heap History (10 events):
Event: 6.427 GC heap before
{Heap before GC invocations=12 (full 0):
 def new generation   total 4928K, used 4486K [0x04800000, 0x04d50000, 0x09d50000)
  eden space 4416K,  99% used [0x04800000, 0x04c4fb98, 0x04c50000)
  from space 512K,  13% used [0x04c50000, 0x04c61e80, 0x04cd0000)
  to   space 512K,   0% used [0x04cd0000, 0x04cd0000, 0x04d50000)
 tenured generation   total 10944K, used 3239K [0x09d50000, 0x0a800000, 0x14800000)
   the space 10944K,  29% used [0x09d50000, 0x0a079e10, 0x0a07a000, 0x0a800000)
 Metaspace       used 575K, capacity 2645K, committed 2752K, reserved 4480K
Event: 6.428 GC heap after
Heap after GC invocations=13 (full 0):
 def new generation   total 4928K, used 72K [0x04800000, 0x04d50000, 0x09d50000)
  eden space 4416K,   0% used [0x04800000, 0x04800000, 0x04c50000)
  from space 512K,  14% used [0x04cd0000, 0x04ce2028, 0x04d50000)
  to   space 512K,   0% used [0x04c50000, 0x04c50000, 0x04cd0000)
 tenured generation   total 10944K, used 3239K [0x09d50000, 0x0a800000, 0x14800000)
   the space 10944K,  29% used [0x09d50000, 0x0a079e10, 0x0a07a000, 0x0a800000)
 Metaspace       used 575K, capacity 2645K, committed 2752K, reserved 4480K
}
Event: 6.648 GC heap before
{Heap before GC invocations=13 (full 0):
 def new generation   total 4928K, used 4430K [0x04800000, 0x04d50000, 0x09d50000)
  eden space 4416K,  98% used [0x04800000, 0x04c41888, 0x04c50000)
  from space 512K,  14% used [0x04cd0000, 0x04ce2028, 0x04d50000)
  to   space 512K,   0% used [0x04c50000, 0x04c50000, 0x04cd0000)
 tenured generation   total 10944K, used 3239K [0x09d50000, 0x0a800000, 0x14800000)
   the space 10944K,  29% used [0x09d50000, 0x0a079e10, 0x0a07a000, 0x0a800000)
 Metaspace       used 575K, capacity 2645K, committed 2752K, reserved 4480K
Event: 6.649 GC heap after
Heap after GC invocations=14 (full 0):
 def new generation   total 4928K, used 70K [0x04800000, 0x04d50000, 0x09d50000)
  eden space 4416K,   0% used [0x04800000, 0x04800000, 0x04c50000)
  from space 512K,  13% used [0x04c50000, 0x04c61828, 0x04cd0000)
  to   space 512K,   0% used [0x04cd0000, 0x04cd0000, 0x04d50000)
 tenured generation   total 10944K, used 3239K [0x09d50000, 0x0a800000, 0x14800000)
   the space 10944K,  29% used [0x09d50000, 0x0a079e10, 0x0a07a000, 0x0a800000)
 Metaspace       used 575K, capacity 2645K, committed 2752K, reserved 4480K
}
Event: 6.678 GC heap before
{Heap before GC invocations=14 (full 0):
 def new generation   total 4928K, used 2390K [0x04800000, 0x04d50000, 0x09d50000)
  eden space 4416K,  52% used [0x04800000, 0x04a44048, 0x04c50000)
  from space 512K,  13% used [0x04c50000, 0x04c61828, 0x04cd0000)
  to   space 512K,   0% used [0x04cd0000, 0x04cd0000, 0x04d50000)
 tenured generation   total 10944K, used 3239K [0x09d50000, 0x0a800000, 0x14800000)
   the space 10944K,  29% used [0x09d50000, 0x0a079e10, 0x0a07a000, 0x0a800000)
 Metaspace       used 575K, capacity 2645K, committed 2752K, reserved 4480K
Event: 6.680 GC heap after
Heap after GC invocations=15 (full 0):
 def new generation   total 4928K, used 68K [0x04800000, 0x04d50000, 0x09d50000)
  eden space 4416K,   0% used [0x04800000, 0x04800000, 0x04c50000)
  from space 512K,  13% used [0x04cd0000, 0x04ce12f8, 0x04d50000)
  to   space 512K,   0% used [0x04c50000, 0x04c50000, 0x04cd0000)
 tenured generation   total 10944K, used 3239K [0x09d50000, 0x0a800000, 0x14800000)
   the space 10944K,  29% used [0x09d50000, 0x0a079e10, 0x0a07a000, 0x0a800000)
 Metaspace       used 575K, capacity 2645K, committed 2752K, reserved 4480K
}
Event: 8.445 GC heap before
{Heap before GC invocations=15 (full 0):
 def new generation   total 4928K, used 2326K [0x04800000, 0x04d50000, 0x09d50000)
  eden space 4416K,  51% used [0x04800000, 0x04a346d8, 0x04c50000)
  from space 512K,  13% used [0x04cd0000, 0x04ce12f8, 0x04d50000)
  to   space 512K,   0% used [0x04c50000, 0x04c50000, 0x04cd0000)
 tenured generation   total 10944K, used 3239K [0x09d50000, 0x0a800000, 0x14800000)
   the space 10944K,  29% used [0x09d50000, 0x0a079e10, 0x0a07a000, 0x0a800000)
 Metaspace       used 575K, capacity 2645K, committed 2752K, reserved 4480K
Event: 8.447 GC heap after
Heap after GC invocations=16 (full 0):
 def new generation   total 4928K, used 68K [0x04800000, 0x04d50000, 0x09d50000)
  eden space 4416K,   0% used [0x04800000, 0x04800000, 0x04c50000)
  from space 512K,  13% used [0x04c50000, 0x04c610d8, 0x04cd0000)
  to   space 512K,   0% used [0x04cd0000, 0x04cd0000, 0x04d50000)
 tenured generation   total 10944K, used 3239K [0x09d50000, 0x0a800000, 0x14800000)
   the space 10944K,  29% used [0x09d50000, 0x0a079e10, 0x0a07a000, 0x0a800000)
 Metaspace       used 575K, capacity 2645K, committed 2752K, reserved 4480K
}
Event: 12.363 GC heap before
{Heap before GC invocations=16 (full 0):
 def new generation   total 4928K, used 4484K [0x04800000, 0x04d50000, 0x09d50000)
  eden space 4416K, 100% used [0x04800000, 0x04c50000, 0x04c50000)
  from space 512K,  13% used [0x04c50000, 0x04c610d8, 0x04cd0000)
  to   space 512K,   0% used [0x04cd0000, 0x04cd0000, 0x04d50000)
 tenured generation   total 10944K, used 3239K [0x09d50000, 0x0a800000, 0x14800000)
   the space 10944K,  29% used [0x09d50000, 0x0a079e10, 0x0a07a000, 0x0a800000)
 Metaspace       used 737K, capacity 2662K, committed 2752K, reserved 4480K
Event: 12.367 GC heap after
Heap after GC invocations=17 (full 0):
 def new generation   total 4928K, used 73K [0x04800000, 0x04d50000, 0x09d50000)
  eden space 4416K,   0% used [0x04800000, 0x04800000, 0x04c50000)
  from space 512K,  14% used [0x04cd0000, 0x04ce27a8, 0x04d50000)
  to   space 512K,   0% used [0x04c50000, 0x04c50000, 0x04cd0000)
 tenured generation   total 10944K, used 7050K [0x09d50000, 0x0a800000, 0x14800000)
   the space 10944K,  64% used [0x09d50000, 0x0a432bb0, 0x0a432c00, 0x0a800000)
 Metaspace       used 737K, capacity 2662K, committed 2752K, reserved 4480K
}

