# JRE version: Java(TM) SE Runtime Environment (8.0_291-b10) (build 1.8.0_291-b10)
# Java VM: Java HotSpot(TM) Client VM (25.291-b10 mixed mode, sharing windows-x86 )
Heap:
 def new generation   total 4928K, used 1651K [0x04600000, 0x04b50000, 0x09b50000)
  eden space 4416K,  35% used [0x04600000, 0x0478d360, 0x04a50000)
  from space 512K,  12% used [0x04ad0000, 0x04adfc20, 0x04b50000)
  to   space 512K,   0% used [0x04a50000, 0x04a50000, 0x04ad0000)
 tenured generation   total 10944K, used 6039K [0x09b50000, 0x0a600000, 0x14600000)
   the space 10944K,  55% used [0x09b50000, 0x0a135e88, 0x0a136000, 0x0a600000)
 Metaspace       used 848K, capacity 2636K, committed 2752K, reserved 4480K
GC Heap History (6 events):
Event: 0.274 GC heap before
{Heap before GC invocations=0 (full 0):
 def new generation   total 4928K, used 3741K [0x04600000, 0x04b50000, 0x09b50000)
  eden space 4416K,  84% used [0x04600000, 0x049a7490, 0x04a50000)
  from space 512K,   0% used [0x04a50000, 0x04a50000, 0x04ad0000)
  to   space 512K,   0% used [0x04ad0000, 0x04ad0000, 0x04b50000)
 tenured generation   total 10944K, used 0K [0x09b50000, 0x0a600000, 0x14600000)
   the space 10944K,   0% used [0x09b50000, 0x09b50000, 0x09b50200, 0x0a600000)
 Metaspace       used 437K, capacity 2577K, committed 2624K, reserved 4480K
Event: 0.279 GC heap after
Heap after GC invocations=1 (full 0):
 def new generation   total 4928K, used 512K [0x04600000, 0x04b50000, 0x09b50000)
  eden space 4416K,   0% used [0x04600000, 0x04600000, 0x04a50000)
  from space 512K, 100% used [0x04ad0000, 0x04b50000, 0x04b50000)
  to   space 512K,   0% used [0x04a50000, 0x04a50000, 0x04ad0000)
 tenured generation   total 10944K, used 759K [0x09b50000, 0x0a600000, 0x14600000)
   the space 10944K,   6% used [0x09b50000, 0x09c0dd58, 0x09c0de00, 0x0a600000)
 Metaspace       used 437K, capacity 2577K, committed 2624K, reserved 4480K
}
Event: 1.784 GC heap before
{Heap before GC invocations=1 (full 0):
 def new generation   total 4928K, used 2070K [0x04600000, 0x04b50000, 0x09b50000)
  eden space 4416K,  35% used [0x04600000, 0x04785b88, 0x04a50000)
  from space 512K, 100% used [0x04ad0000, 0x04b50000, 0x04b50000)
  to   space 512K,   0% used [0x04a50000, 0x04a50000, 0x04ad0000)
 tenured generation   total 10944K, used 759K [0x09b50000, 0x0a600000, 0x14600000)
   the space 10944K,   6% used [0x09b50000, 0x09c0dd58, 0x09c0de00, 0x0a600000)
 Metaspace       used 555K, capacity 2619K, committed 2624K, reserved 4480K
Event: 1.791 GC heap after
Heap after GC invocations=2 (full 0):
 def new generation   total 4928K, used 96K [0x04600000, 0x04b50000, 0x09b50000)
  eden space 4416K,   0% used [0x04600000, 0x04600000, 0x04a50000)
  from space 512K,  18% used [0x04a50000, 0x04a681d8, 0x04ad0000)
  to   space 512K,   0% used [0x04ad0000, 0x04ad0000, 0x04b50000)
 tenured generation   total 10944K, used 2288K [0x09b50000, 0x0a600000, 0x14600000)
   the space 10944K,  20% used [0x09b50000, 0x09d8c3f8, 0x09d8c400, 0x0a600000)
 Metaspace       used 555K, capacity 2619K, committed 2624K, reserved 4480K
}
Event: 5.734 GC heap before
{Heap before GC invocations=2 (full 0):
 def new generation   total 4928K, used 4512K [0x04600000, 0x04b50000, 0x09b50000)
  eden space 4416K, 100% used [0x04600000, 0x04a50000, 0x04a50000)
  from space 512K,  18% used [0x04a50000, 0x04a681d8, 0x04ad0000)
  to   space 512K,   0% used [0x04ad0000, 0x04ad0000, 0x04b50000)
 tenured generation   total 10944K, used 2288K [0x09b50000, 0x0a600000, 0x14600000)
   the space 10944K,  20% used [0x09b50000, 0x09d8c3f8, 0x09d8c400, 0x0a600000)
 Metaspace       used 555K, capacity 2619K, committed 2624K, reserved 4480K
Event: 5.739 GC heap after
Heap after GC invocations=3 (full 0):
 def new generation   total 4928K, used 63K [0x04600000, 0x04b50000, 0x09b50000)
  eden space 4416K,   0% used [0x04600000, 0x04600000, 0x04a50000)
  from space 512K,  12% used [0x04ad0000, 0x04adfc20, 0x04b50000)
  to   space 512K,   0% used [0x04a50000, 0x04a50000, 0x04ad0000)
 tenured generation   total 10944K, used 6039K [0x09b50000, 0x0a600000, 0x14600000)
   the space 10944K,  55% used [0x09b50000, 0x0a135e88, 0x0a136000, 0x0a600000)
 Metaspace       used 555K, capacity 2619K, committed 2624K, reserved 4480K
}

